Performing C SOURCE FILE Test HAVE___DECLSPEC_DLLEXPORT_ failed with the following output:
Change Dir: /home/andras/rrr-size-vs-density/sdsl-lite/lib/src/sdsl-lite/build/CMakeFiles/CMakeTmp

Run Build Command:/usr/bin/gmake "cmTryCompileExec4166836656/fast"
gmake[1]: Entering directory `/home/andras/rrr-size-vs-density/sdsl-lite/lib/src/sdsl-lite/build/CMakeFiles/CMakeTmp'
/usr/bin/gmake -f CMakeFiles/cmTryCompileExec4166836656.dir/build.make CMakeFiles/cmTryCompileExec4166836656.dir/build
gmake[2]: Entering directory `/home/andras/rrr-size-vs-density/sdsl-lite/lib/src/sdsl-lite/build/CMakeFiles/CMakeTmp'
/usr/bin/cmake -E cmake_progress_report /home/andras/rrr-size-vs-density/sdsl-lite/lib/src/sdsl-lite/build/CMakeFiles/CMakeTmp/CMakeFiles 1
Building C object CMakeFiles/cmTryCompileExec4166836656.dir/src.c.o
/usr/bin/cc   -Wall -DHAVE___DECLSPEC_DLLEXPORT_   -o CMakeFiles/cmTryCompileExec4166836656.dir/src.c.o   -c /home/andras/rrr-size-vs-density/sdsl-lite/lib/src/sdsl-lite/build/CMakeFiles/CMakeTmp/src.c
/home/andras/rrr-size-vs-density/sdsl-lite/lib/src/sdsl-lite/build/CMakeFiles/CMakeTmp/src.c:1:1: warning: return type defaults to ‘int’ [-Wreturn-type]
 __declspec(dllexport) void func(); void func() { } int main() { func(); return 0; }
 ^
/home/andras/rrr-size-vs-density/sdsl-lite/lib/src/sdsl-lite/build/CMakeFiles/CMakeTmp/src.c: In function ‘__declspec’:
/home/andras/rrr-size-vs-density/sdsl-lite/lib/src/sdsl-lite/build/CMakeFiles/CMakeTmp/src.c:1:48: error: expected ‘=’, ‘,’, ‘;’, ‘asm’ or ‘__attribute__’ before ‘{’ token
 __declspec(dllexport) void func(); void func() { } int main() { func(); return 0; }
                                                ^
/home/andras/rrr-size-vs-density/sdsl-lite/lib/src/sdsl-lite/build/CMakeFiles/CMakeTmp/src.c:1:63: error: expected ‘=’, ‘,’, ‘;’, ‘asm’ or ‘__attribute__’ before ‘{’ token
 __declspec(dllexport) void func(); void func() { } int main() { func(); return 0; }
                                                               ^
/home/andras/rrr-size-vs-density/sdsl-lite/lib/src/sdsl-lite/build/CMakeFiles/CMakeTmp/src.c:1:28: error: declaration for parameter ‘func’ but no such parameter
 __declspec(dllexport) void func(); void func() { } int main() { func(); return 0; }
                            ^
/home/andras/rrr-size-vs-density/sdsl-lite/lib/src/sdsl-lite/build/CMakeFiles/CMakeTmp/src.c:1:63: error: expected ‘{’ at end of input
 __declspec(dllexport) void func(); void func() { } int main() { func(); return 0; }
                                                               ^
/home/andras/rrr-size-vs-density/sdsl-lite/lib/src/sdsl-lite/build/CMakeFiles/CMakeTmp/src.c:1:63: warning: control reaches end of non-void function [-Wreturn-type]
 __declspec(dllexport) void func(); void func() { } int main() { func(); return 0; }
                                                               ^
gmake[2]: *** [CMakeFiles/cmTryCompileExec4166836656.dir/src.c.o] Error 1
gmake[2]: Leaving directory `/home/andras/rrr-size-vs-density/sdsl-lite/lib/src/sdsl-lite/build/CMakeFiles/CMakeTmp'
gmake[1]: *** [cmTryCompileExec4166836656/fast] Error 2
gmake[1]: Leaving directory `/home/andras/rrr-size-vs-density/sdsl-lite/lib/src/sdsl-lite/build/CMakeFiles/CMakeTmp'

Source file was:
__declspec(dllexport) void func(); void func() { } int main() { func(); return 0; }
Performing C SOURCE FILE Test HAVE___DECLSPEC_DLLIMPORT_ failed with the following output:
Change Dir: /home/andras/rrr-size-vs-density/sdsl-lite/lib/src/sdsl-lite/build/CMakeFiles/CMakeTmp

Run Build Command:/usr/bin/gmake "cmTryCompileExec1096705796/fast"
gmake[1]: Entering directory `/home/andras/rrr-size-vs-density/sdsl-lite/lib/src/sdsl-lite/build/CMakeFiles/CMakeTmp'
/usr/bin/gmake -f CMakeFiles/cmTryCompileExec1096705796.dir/build.make CMakeFiles/cmTryCompileExec1096705796.dir/build
gmake[2]: Entering directory `/home/andras/rrr-size-vs-density/sdsl-lite/lib/src/sdsl-lite/build/CMakeFiles/CMakeTmp'
/usr/bin/cmake -E cmake_progress_report /home/andras/rrr-size-vs-density/sdsl-lite/lib/src/sdsl-lite/build/CMakeFiles/CMakeTmp/CMakeFiles 1
Building C object CMakeFiles/cmTryCompileExec1096705796.dir/src.c.o
/usr/bin/cc   -Wall -DHAVE___DECLSPEC_DLLIMPORT_   -o CMakeFiles/cmTryCompileExec1096705796.dir/src.c.o   -c /home/andras/rrr-size-vs-density/sdsl-lite/lib/src/sdsl-lite/build/CMakeFiles/CMakeTmp/src.c
/home/andras/rrr-size-vs-density/sdsl-lite/lib/src/sdsl-lite/build/CMakeFiles/CMakeTmp/src.c:1:1: warning: return type defaults to ‘int’ [-Wreturn-type]
 __declspec(dllimport) void func(); void func() { } int main() { func(); return 0; }
 ^
/home/andras/rrr-size-vs-density/sdsl-lite/lib/src/sdsl-lite/build/CMakeFiles/CMakeTmp/src.c: In function ‘__declspec’:
/home/andras/rrr-size-vs-density/sdsl-lite/lib/src/sdsl-lite/build/CMakeFiles/CMakeTmp/src.c:1:48: error: expected ‘=’, ‘,’, ‘;’, ‘asm’ or ‘__attribute__’ before ‘{’ token
 __declspec(dllimport) void func(); void func() { } int main() { func(); return 0; }
                                                ^
/home/andras/rrr-size-vs-density/sdsl-lite/lib/src/sdsl-lite/build/CMakeFiles/CMakeTmp/src.c:1:63: error: expected ‘=’, ‘,’, ‘;’, ‘asm’ or ‘__attribute__’ before ‘{’ token
 __declspec(dllimport) void func(); void func() { } int main() { func(); return 0; }
                                                               ^
/home/andras/rrr-size-vs-density/sdsl-lite/lib/src/sdsl-lite/build/CMakeFiles/CMakeTmp/src.c:1:28: error: declaration for parameter ‘func’ but no such parameter
 __declspec(dllimport) void func(); void func() { } int main() { func(); return 0; }
                            ^
/home/andras/rrr-size-vs-density/sdsl-lite/lib/src/sdsl-lite/build/CMakeFiles/CMakeTmp/src.c:1:63: error: expected ‘{’ at end of input
 __declspec(dllimport) void func(); void func() { } int main() { func(); return 0; }
                                                               ^
/home/andras/rrr-size-vs-density/sdsl-lite/lib/src/sdsl-lite/build/CMakeFiles/CMakeTmp/src.c:1:63: warning: control reaches end of non-void function [-Wreturn-type]
 __declspec(dllimport) void func(); void func() { } int main() { func(); return 0; }
                                                               ^
gmake[2]: *** [CMakeFiles/cmTryCompileExec1096705796.dir/src.c.o] Error 1
gmake[2]: Leaving directory `/home/andras/rrr-size-vs-density/sdsl-lite/lib/src/sdsl-lite/build/CMakeFiles/CMakeTmp'
gmake[1]: *** [cmTryCompileExec1096705796/fast] Error 2
gmake[1]: Leaving directory `/home/andras/rrr-size-vs-density/sdsl-lite/lib/src/sdsl-lite/build/CMakeFiles/CMakeTmp'

Source file was:
__declspec(dllimport) void func(); void func() { } int main() { func(); return 0; }
